d:\我的文档\visual studio 2010\projects\face503\face503\debug\face503.pch
d:\我的文档\visual studio 2010\projects\face503\face503\debug\stdafx.obj
d:\我的文档\visual studio 2010\projects\face503\face503\debug\vc100.pdb
d:\我的文档\visual studio 2010\projects\face503\face503\debug\face503.obj
d:\我的文档\visual studio 2010\projects\face503\face503\debug\face503dlg.obj
d:\我的文档\visual studio 2010\projects\face503\debug\face503.ilk
d:\我的文档\visual studio 2010\projects\face503\debug\face503.exe
d:\我的文档\visual studio 2010\projects\face503\face503\debug\face503.exe.intermediate.manifest
d:\我的文档\visual studio 2010\projects\face503\debug\face503.pdb
d:\我的文档\visual studio 2010\projects\face503\face503\debug\face503.exe.embed.manifest
d:\我的文档\visual studio 2010\projects\face503\face503\debug\face503.exe.embed.manifest.res
d:\我的文档\visual studio 2010\projects\face503\face503\debug\face503.res
c:\users\administrator\desktop\face503\face503\debug\face503.pch
c:\users\administrator\desktop\face503\face503\debug\vc120.pdb
c:\users\administrator\desktop\face503\face503\debug\vc120.idb
c:\users\administrator\desktop\face503\face503\debug\stdafx.obj
c:\users\administrator\desktop\face503\face503\debug\face503.obj
c:\users\administrator\desktop\face503\face503\debug\face503dlg.obj
c:\users\administrator\desktop\face503\face503\debug\face503.res
c:\users\administrator\desktop\face503\face503\debug\face503.vcxprojresolveassemblyreference.cache
c:\users\administrator\desktop\face503\face503\debug\cl.command.1.tlog
c:\users\administrator\desktop\face503\face503\debug\cl.read.1.tlog
c:\users\administrator\desktop\face503\face503\debug\cl.write.1.tlog
c:\users\administrator\desktop\face503\face503\debug\face503.write.1.tlog
c:\users\administrator\desktop\face503\face503\debug\link-cvtres.read.1.tlog
c:\users\administrator\desktop\face503\face503\debug\link-cvtres.write.1.tlog
c:\users\administrator\desktop\face503\face503\debug\link.8248-cvtres.read.1.tlog
c:\users\administrator\desktop\face503\face503\debug\link.8248-cvtres.write.1.tlog
c:\users\administrator\desktop\face503\face503\debug\link.8248.read.1.tlog
c:\users\administrator\desktop\face503\face503\debug\link.8248.write.1.tlog
c:\users\administrator\desktop\face503\face503\debug\link.command.1.tlog
c:\users\administrator\desktop\face503\face503\debug\link.read.1.tlog
c:\users\administrator\desktop\face503\face503\debug\link.write.1.tlog
c:\users\administrator\desktop\face503\face503\debug\mt.command.1.tlog
c:\users\administrator\desktop\face503\face503\debug\mt.read.1.tlog
c:\users\administrator\desktop\face503\face503\debug\mt.write.1.tlog
c:\users\administrator\desktop\face503\face503\debug\rc.command.1.tlog
c:\users\administrator\desktop\face503\face503\debug\rc.read.1.tlog
c:\users\administrator\desktop\face503\face503\debug\rc.write.1.tlog
c:\users\administrator\desktop\face503\face503\debug\face503.exe.embed.manifest
c:\users\administrator\desktop\face503\face503\debug\face503.exe.intermediate.manifest
c:\users\administrator\desktop\face503\face503\debug\face503.exe.embed.manifest.res
c:\users\administrator\desktop\face503\face503\debug\vc100.idb
c:\users\administrator\desktop\face503\face503\debug\vc100.pdb
c:\users\administrator\desktop\face503\face503\debug\face503_manifest.rc
c:\users\administrator\desktop\face503\debug\face503.pdb
c:\users\administrator\desktop\face503\face503\debug\face503.tlog\cl.command.1.tlog
c:\users\administrator\desktop\face503\face503\debug\face503.tlog\cl.read.1.tlog
c:\users\administrator\desktop\face503\face503\debug\face503.tlog\cl.write.1.tlog
c:\users\administrator\desktop\face503\face503\debug\face503.tlog\link-cvtres.read.1.tlog
c:\users\administrator\desktop\face503\face503\debug\face503.tlog\link-cvtres.write.1.tlog
c:\users\administrator\desktop\face503\face503\debug\face503.tlog\link-mt.read.1.tlog
c:\users\administrator\desktop\face503\face503\debug\face503.tlog\link-mt.write.1.tlog
c:\users\administrator\desktop\face503\face503\debug\face503.tlog\link-rc.read.1.tlog
c:\users\administrator\desktop\face503\face503\debug\face503.tlog\link-rc.write.1.tlog
c:\users\administrator\desktop\face503\face503\debug\face503.tlog\link.command.1.tlog
c:\users\administrator\desktop\face503\face503\debug\face503.tlog\link.read.1.tlog
c:\users\administrator\desktop\face503\face503\debug\face503.tlog\link.write.1.tlog
c:\users\administrator\desktop\face503\face503\debug\face503.tlog\rc.command.1.tlog
c:\users\administrator\desktop\face503\face503\debug\face503.tlog\rc.read.1.tlog
c:\users\administrator\desktop\face503\face503\debug\face503.tlog\rc.write.1.tlog
